[2020-12-06T19:49:55.560] [ERROR] error - 123
[2020-12-06T19:50:47.155] [ERROR] error - content
[2020-12-06T19:51:42.926] [ERROR] error - content
[2020-12-06T22:00:34.181] [ERROR] error - TypeError: d.getUser is not a function
    at file:///D:/Project/server/routers/user/index.js:6:14
    at dispatch (D:\Project\server\node_modules\koa-compose\index.js:42:32)
    at D:\Project\server\node_modules\koa-router\lib\router.js:372:16
    at dispatch (D:\Project\server\node_modules\koa-compose\index.js:42:32)
    at D:\Project\server\node_modules\koa-compose\index.js:34:12
    at dispatch (D:\Project\server\node_modules\koa-router\lib\router.js:377:31)
    at dispatch (D:\Project\server\node_modules\koa-compose\index.js:42:32)
    at logger (D:\Project\server\node_modules\koa-logger\index.js:67:13)
    at dispatch (D:\Project\server\node_modules\koa-compose\index.js:42:32)
    at D:\Project\server\node_modules\koa-compose\index.js:34:12
[2020-12-06T22:01:07.528] [ERROR] error - TypeError: d.getUser is not a function
    at file:///D:/Project/server/routers/user/index.js:6:14
    at dispatch (D:\Project\server\node_modules\koa-compose\index.js:42:32)
    at D:\Project\server\node_modules\koa-router\lib\router.js:372:16
    at dispatch (D:\Project\server\node_modules\koa-compose\index.js:42:32)
    at D:\Project\server\node_modules\koa-compose\index.js:34:12
    at dispatch (D:\Project\server\node_modules\koa-router\lib\router.js:377:31)
    at dispatch (D:\Project\server\node_modules\koa-compose\index.js:42:32)
    at logger (D:\Project\server\node_modules\koa-logger\index.js:67:13)
    at dispatch (D:\Project\server\node_modules\koa-compose\index.js:42:32)
    at D:\Project\server\node_modules\koa-compose\index.js:34:12
[2020-12-06T22:01:08.569] [ERROR] error - TypeError: d.getUser is not a function
    at file:///D:/Project/server/routers/user/index.js:6:14
    at dispatch (D:\Project\server\node_modules\koa-compose\index.js:42:32)
    at D:\Project\server\node_modules\koa-router\lib\router.js:372:16
    at dispatch (D:\Project\server\node_modules\koa-compose\index.js:42:32)
    at D:\Project\server\node_modules\koa-compose\index.js:34:12
    at dispatch (D:\Project\server\node_modules\koa-router\lib\router.js:377:31)
    at dispatch (D:\Project\server\node_modules\koa-compose\index.js:42:32)
    at logger (D:\Project\server\node_modules\koa-logger\index.js:67:13)
    at dispatch (D:\Project\server\node_modules\koa-compose\index.js:42:32)
    at D:\Project\server\node_modules\koa-compose\index.js:34:12
[2020-12-06T22:01:08.786] [ERROR] error - TypeError: d.getUser is not a function
    at file:///D:/Project/server/routers/user/index.js:6:14
    at dispatch (D:\Project\server\node_modules\koa-compose\index.js:42:32)
    at D:\Project\server\node_modules\koa-router\lib\router.js:372:16
    at dispatch (D:\Project\server\node_modules\koa-compose\index.js:42:32)
    at D:\Project\server\node_modules\koa-compose\index.js:34:12
    at dispatch (D:\Project\server\node_modules\koa-router\lib\router.js:377:31)
    at dispatch (D:\Project\server\node_modules\koa-compose\index.js:42:32)
    at logger (D:\Project\server\node_modules\koa-logger\index.js:67:13)
    at dispatch (D:\Project\server\node_modules\koa-compose\index.js:42:32)
    at D:\Project\server\node_modules\koa-compose\index.js:34:12
[2020-12-06T22:03:17.360] [ERROR] error - TypeError: ctx.done is not a function
    at file:///D:/Project/server/routers/user/index.js:6:42
    at dispatch (D:\Project\server\node_modules\koa-compose\index.js:42:32)
    at D:\Project\server\node_modules\koa-router\lib\router.js:372:16
    at dispatch (D:\Project\server\node_modules\koa-compose\index.js:42:32)
    at D:\Project\server\node_modules\koa-compose\index.js:34:12
    at dispatch (D:\Project\server\node_modules\koa-router\lib\router.js:377:31)
    at dispatch (D:\Project\server\node_modules\koa-compose\index.js:42:32)
    at logger (D:\Project\server\node_modules\koa-logger\index.js:67:13)
    at dispatch (D:\Project\server\node_modules\koa-compose\index.js:42:32)
    at D:\Project\server\node_modules\koa-compose\index.js:34:12
[2020-12-06T22:03:18.929] [ERROR] error - TypeError: ctx.done is not a function
    at file:///D:/Project/server/routers/user/index.js:6:42
    at dispatch (D:\Project\server\node_modules\koa-compose\index.js:42:32)
    at D:\Project\server\node_modules\koa-router\lib\router.js:372:16
    at dispatch (D:\Project\server\node_modules\koa-compose\index.js:42:32)
    at D:\Project\server\node_modules\koa-compose\index.js:34:12
    at dispatch (D:\Project\server\node_modules\koa-router\lib\router.js:377:31)
    at dispatch (D:\Project\server\node_modules\koa-compose\index.js:42:32)
    at logger (D:\Project\server\node_modules\koa-logger\index.js:67:13)
    at dispatch (D:\Project\server\node_modules\koa-compose\index.js:42:32)
    at D:\Project\server\node_modules\koa-compose\index.js:34:12
[2020-12-06T22:15:58.138] [ERROR] error - TypeError: dbs(...).limie is not a function
    at Object.getUser (file:///D:/Project/server/routers/user/data.js:8:36)
    at file:///D:/Project/server/routers/user/index.js:9:23
    at dispatch (D:\Project\server\node_modules\koa-compose\index.js:42:32)
    at D:\Project\server\node_modules\koa-router\lib\router.js:372:16
    at dispatch (D:\Project\server\node_modules\koa-compose\index.js:42:32)
    at D:\Project\server\node_modules\koa-compose\index.js:34:12
    at dispatch (D:\Project\server\node_modules\koa-router\lib\router.js:377:31)
    at dispatch (D:\Project\server\node_modules\koa-compose\index.js:42:32)
    at logger (D:\Project\server\node_modules\koa-logger\index.js:67:13)
    at dispatch (D:\Project\server\node_modules\koa-compose\index.js:42:32)
[2020-12-06T22:15:58.151] [ERROR] error - TypeError: dbs(...).limie is not a function
    at Object.getUser (file:///D:/Project/server/routers/user/data.js:8:36)
    at file:///D:/Project/server/routers/user/index.js:9:23
    at dispatch (D:\Project\server\node_modules\koa-compose\index.js:42:32)
    at D:\Project\server\node_modules\koa-router\lib\router.js:372:16
    at dispatch (D:\Project\server\node_modules\koa-compose\index.js:42:32)
    at D:\Project\server\node_modules\koa-compose\index.js:34:12
    at dispatch (D:\Project\server\node_modules\koa-router\lib\router.js:377:31)
    at dispatch (D:\Project\server\node_modules\koa-compose\index.js:42:32)
    at logger (D:\Project\server\node_modules\koa-logger\index.js:67:13)
    at dispatch (D:\Project\server\node_modules\koa-compose\index.js:42:32)
[2020-12-06T22:17:44.545] [ERROR] error - AssertionError [ERR_ASSERTION]: status code must be a number
    at Object.set status [as status] (D:\Project\server\node_modules\koa\lib\response.js:86:5)
    at Object.status (D:\Project\server\node_modules\delegates\index.js:92:31)
    at file:///D:/Project/server/routers/user/index.js:12:13
    at processTicksAndRejections (internal/process/task_queues.js:93:5)
    at async logger (D:\Project\server\node_modules\koa-logger\index.js:67:7) {
  generatedMessage: false,
  code: 'ERR_ASSERTION',
  actual: false,
  expected: true,
  operator: '=='
}
[2020-12-06T22:17:57.011] [ERROR] error - TypeError: Cannot create property 'code' on number '200'
    at file:///D:/Project/server/routers/user/index.js:12:18
    at processTicksAndRejections (internal/process/task_queues.js:93:5)
    at async logger (D:\Project\server\node_modules\koa-logger\index.js:67:7)
